[23:39:49] [ServerMain/INFO]: Environment: Environment[sessionHost=https://sessionserver.mojang.com, servicesHost=https://api.minecraftservices.com, name=PROD]
[23:39:50] [ServerMain/INFO]: Loaded 1407 recipes
[23:39:50] [Server thread/INFO]: Starting minecraft server version 1.21.8
[23:39:50] [Server thread/INFO]: Loading properties
[23:39:50] [Server thread/INFO]: This server is running CraftBukkit version 4534-Spigot-7c52c66-65f1f11 (MC: 1.21.8) (Implementing API version 1.21.8-R0.1-SNAPSHOT)
[23:39:51] [Server thread/INFO]: *** This version of Spigot contains changes to some enums. If you notice that plugins no longer work after updating, please report this to the developers of those plugins first. ***
[23:39:51] [Server thread/INFO]: *** If you cannot update those plugins, you can try setting `settings.compatibility.enum-compatibility-mode` to `true` in `bukkit.yml`. ***
[23:39:51] [Server thread/INFO]: Debug logging is disabled
[23:39:51] [Server thread/INFO]: Server Ping Player Sample Count: 12
[23:39:51] [Server thread/INFO]: Using 4 threads for Netty based IO
[23:39:51] [Server thread/INFO]: Default game type: SURVIVAL
[23:39:51] [Server thread/INFO]: Generating keypair
[23:39:51] [Server thread/INFO]: Starting Minecraft server on *:25565
[23:39:51] [Server thread/INFO]: Using default channel type
[23:39:51] [Server thread/INFO]: [SkyWar] Loading SkyWar v1.0-SNAPSHOT
[23:39:51] [Server thread/INFO]: Preparing level "world"
[23:39:51] [Server thread/INFO]: -------- World Settings For [world] --------
[23:39:51] [Server thread/INFO]: Item Merge Radius: 2.5
[23:39:51] [Server thread/INFO]: Arrow Despawn Rate: 1200 Trident Respawn Rate:1200
[23:39:51] [Server thread/INFO]: View Distance: 10
[23:39:51] [Server thread/INFO]: Simulation Distance: 10
[23:39:51] [Server thread/INFO]: Item Despawn Rate: 6000
[23:39:51] [Server thread/INFO]: Allow Zombie Pigmen to spawn from portal blocks: true
[23:39:51] [Server thread/INFO]: Zombie Aggressive Towards Villager: true
[23:39:51] [Server thread/INFO]: Mob Spawn Range: 6
[23:39:51] [Server thread/INFO]: Custom Map Seeds:  Village: 10387312 Desert: 14357617 Igloo: 14357618 Jungle: 14357619 Swamp: 14357620 Monument: 10387313 Ocean: 14357621 Shipwreck: 165745295 End City: 10387313 Slime: 987234911 Nether: 30084232 Mansion: 10387319 Fossil: 14357921 Portal: 34222645
[23:39:51] [Server thread/INFO]: Entity Tracking Range: Pl 48 / An 48 / Mo 48 / Mi 32 / Di 128 / Other 64
[23:39:51] [Server thread/INFO]: Cactus Growth Modifier: 100%
[23:39:51] [Server thread/INFO]: Cane Growth Modifier: 100%
[23:39:51] [Server thread/INFO]: Melon Growth Modifier: 100%
[23:39:51] [Server thread/INFO]: Mushroom Growth Modifier: 100%
[23:39:51] [Server thread/INFO]: Pumpkin Growth Modifier: 100%
[23:39:51] [Server thread/INFO]: Sapling Growth Modifier: 100%
[23:39:51] [Server thread/INFO]: Beetroot Growth Modifier: 100%
[23:39:51] [Server thread/INFO]: Carrot Growth Modifier: 100%
[23:39:51] [Server thread/INFO]: Potato Growth Modifier: 100%
[23:39:51] [Server thread/INFO]: Wheat Growth Modifier: 100%
[23:39:51] [Server thread/INFO]: NetherWart Growth Modifier: 100%
[23:39:51] [Server thread/INFO]: Vine Growth Modifier: 100%
[23:39:51] [Server thread/INFO]: Cocoa Growth Modifier: 100%
[23:39:51] [Server thread/INFO]: Bamboo Growth Modifier: 100%
[23:39:51] [Server thread/INFO]: SweetBerry Growth Modifier: 100%
[23:39:51] [Server thread/INFO]: Kelp Growth Modifier: 100%
[23:39:51] [Server thread/INFO]: TwistingVines Growth Modifier: 100%
[23:39:51] [Server thread/INFO]: WeepingVines Growth Modifier: 100%
[23:39:51] [Server thread/INFO]: CaveVines Growth Modifier: 100%
[23:39:51] [Server thread/INFO]: Entity Activation Range: An 32 / Mo 32 / Ra 48 / Mi 16 / Tiv true / Isa false
[23:39:51] [Server thread/INFO]: Max TNT Explosions: 100
[23:39:51] [Server thread/INFO]: Tile Max Tick Time: 50ms Entity max Tick Time: 50ms
[23:39:51] [Server thread/INFO]: Nerfing mobs spawned from spawners: false
[23:39:51] [Server thread/INFO]: Hopper Transfer: 8 Hopper Check: 1 Hopper Amount: 1 Hopper Can Load Chunks: false
[23:39:51] [Server thread/INFO]: Experience Merge Radius: 3.0
[23:39:51] [Server thread/INFO]: -------- World Settings For [world_nether] --------
[23:39:51] [Server thread/INFO]: Item Merge Radius: 2.5
[23:39:51] [Server thread/INFO]: Arrow Despawn Rate: 1200 Trident Respawn Rate:1200
[23:39:51] [Server thread/INFO]: View Distance: 10
[23:39:51] [Server thread/INFO]: Simulation Distance: 10
[23:39:51] [Server thread/INFO]: Item Despawn Rate: 6000
[23:39:51] [Server thread/INFO]: Allow Zombie Pigmen to spawn from portal blocks: true
[23:39:51] [Server thread/INFO]: Zombie Aggressive Towards Villager: true
[23:39:51] [Server thread/INFO]: Mob Spawn Range: 6
[23:39:51] [Server thread/INFO]: Custom Map Seeds:  Village: 10387312 Desert: 14357617 Igloo: 14357618 Jungle: 14357619 Swamp: 14357620 Monument: 10387313 Ocean: 14357621 Shipwreck: 165745295 End City: 10387313 Slime: 987234911 Nether: 30084232 Mansion: 10387319 Fossil: 14357921 Portal: 34222645
[23:39:51] [Server thread/INFO]: Entity Tracking Range: Pl 48 / An 48 / Mo 48 / Mi 32 / Di 128 / Other 64
[23:39:51] [Server thread/INFO]: Cactus Growth Modifier: 100%
[23:39:51] [Server thread/INFO]: Cane Growth Modifier: 100%
[23:39:51] [Server thread/INFO]: Melon Growth Modifier: 100%
[23:39:51] [Server thread/INFO]: Mushroom Growth Modifier: 100%
[23:39:51] [Server thread/INFO]: Pumpkin Growth Modifier: 100%
[23:39:51] [Server thread/INFO]: Sapling Growth Modifier: 100%
[23:39:51] [Server thread/INFO]: Beetroot Growth Modifier: 100%
[23:39:51] [Server thread/INFO]: Carrot Growth Modifier: 100%
[23:39:51] [Server thread/INFO]: Potato Growth Modifier: 100%
[23:39:51] [Server thread/INFO]: Wheat Growth Modifier: 100%
[23:39:51] [Server thread/INFO]: NetherWart Growth Modifier: 100%
[23:39:51] [Server thread/INFO]: Vine Growth Modifier: 100%
[23:39:51] [Server thread/INFO]: Cocoa Growth Modifier: 100%
[23:39:51] [Server thread/INFO]: Bamboo Growth Modifier: 100%
[23:39:51] [Server thread/INFO]: SweetBerry Growth Modifier: 100%
[23:39:51] [Server thread/INFO]: Kelp Growth Modifier: 100%
[23:39:51] [Server thread/INFO]: TwistingVines Growth Modifier: 100%
[23:39:51] [Server thread/INFO]: WeepingVines Growth Modifier: 100%
[23:39:51] [Server thread/INFO]: CaveVines Growth Modifier: 100%
[23:39:51] [Server thread/INFO]: Entity Activation Range: An 32 / Mo 32 / Ra 48 / Mi 16 / Tiv true / Isa false
[23:39:51] [Server thread/INFO]: Max TNT Explosions: 100
[23:39:51] [Server thread/INFO]: Tile Max Tick Time: 50ms Entity max Tick Time: 50ms
[23:39:51] [Server thread/INFO]: Nerfing mobs spawned from spawners: false
[23:39:51] [Server thread/INFO]: Hopper Transfer: 8 Hopper Check: 1 Hopper Amount: 1 Hopper Can Load Chunks: false
[23:39:51] [Server thread/INFO]: Experience Merge Radius: 3.0
[23:39:51] [Server thread/INFO]: -------- World Settings For [world_the_end] --------
[23:39:51] [Server thread/INFO]: Item Merge Radius: 2.5
[23:39:51] [Server thread/INFO]: Arrow Despawn Rate: 1200 Trident Respawn Rate:1200
[23:39:51] [Server thread/INFO]: View Distance: 10
[23:39:51] [Server thread/INFO]: Simulation Distance: 10
[23:39:51] [Server thread/INFO]: Item Despawn Rate: 6000
[23:39:51] [Server thread/INFO]: Allow Zombie Pigmen to spawn from portal blocks: true
[23:39:51] [Server thread/INFO]: Zombie Aggressive Towards Villager: true
[23:39:51] [Server thread/INFO]: Mob Spawn Range: 6
[23:39:51] [Server thread/INFO]: Custom Map Seeds:  Village: 10387312 Desert: 14357617 Igloo: 14357618 Jungle: 14357619 Swamp: 14357620 Monument: 10387313 Ocean: 14357621 Shipwreck: 165745295 End City: 10387313 Slime: 987234911 Nether: 30084232 Mansion: 10387319 Fossil: 14357921 Portal: 34222645
[23:39:51] [Server thread/INFO]: Entity Tracking Range: Pl 48 / An 48 / Mo 48 / Mi 32 / Di 128 / Other 64
[23:39:51] [Server thread/INFO]: Cactus Growth Modifier: 100%
[23:39:51] [Server thread/INFO]: Cane Growth Modifier: 100%
[23:39:51] [Server thread/INFO]: Melon Growth Modifier: 100%
[23:39:51] [Server thread/INFO]: Mushroom Growth Modifier: 100%
[23:39:51] [Server thread/INFO]: Pumpkin Growth Modifier: 100%
[23:39:51] [Server thread/INFO]: Sapling Growth Modifier: 100%
[23:39:51] [Server thread/INFO]: Beetroot Growth Modifier: 100%
[23:39:51] [Server thread/INFO]: Carrot Growth Modifier: 100%
[23:39:51] [Server thread/INFO]: Potato Growth Modifier: 100%
[23:39:51] [Server thread/INFO]: Wheat Growth Modifier: 100%
[23:39:51] [Server thread/INFO]: NetherWart Growth Modifier: 100%
[23:39:51] [Server thread/INFO]: Vine Growth Modifier: 100%
[23:39:51] [Server thread/INFO]: Cocoa Growth Modifier: 100%
[23:39:51] [Server thread/INFO]: Bamboo Growth Modifier: 100%
[23:39:51] [Server thread/INFO]: SweetBerry Growth Modifier: 100%
[23:39:51] [Server thread/INFO]: Kelp Growth Modifier: 100%
[23:39:51] [Server thread/INFO]: TwistingVines Growth Modifier: 100%
[23:39:51] [Server thread/INFO]: WeepingVines Growth Modifier: 100%
[23:39:51] [Server thread/INFO]: CaveVines Growth Modifier: 100%
[23:39:51] [Server thread/INFO]: Entity Activation Range: An 32 / Mo 32 / Ra 48 / Mi 16 / Tiv true / Isa false
[23:39:51] [Server thread/INFO]: Max TNT Explosions: 100
[23:39:51] [Server thread/INFO]: Tile Max Tick Time: 50ms Entity max Tick Time: 50ms
[23:39:51] [Server thread/INFO]: Nerfing mobs spawned from spawners: false
[23:39:51] [Server thread/INFO]: Hopper Transfer: 8 Hopper Check: 1 Hopper Amount: 1 Hopper Can Load Chunks: false
[23:39:51] [Server thread/INFO]: Experience Merge Radius: 3.0
[23:39:51] [Server thread/INFO]: Preparing start region for dimension minecraft:overworld
[23:39:52] [Worker-Main-20/INFO]: Preparing spawn area: 0%
[23:39:52] [Server thread/INFO]: Time elapsed: 580 ms
[23:39:52] [Server thread/INFO]: Preparing start region for dimension minecraft:the_nether
[23:39:52] [Worker-Main-10/INFO]: Preparing spawn area: 0%
[23:39:52] [Server thread/INFO]: Time elapsed: 97 ms
[23:39:52] [Server thread/INFO]: Preparing start region for dimension minecraft:the_end
[23:39:52] [Worker-Main-18/INFO]: Preparing spawn area: 0%
[23:39:52] [Server thread/INFO]: Time elapsed: 88 ms
[23:39:52] [Server thread/INFO]: [SkyWar] Enabling SkyWar v1.0-SNAPSHOT
[23:39:52] [Server thread/INFO]: Server permissions file permissions.yml is empty, ignoring it
[23:39:52] [Server thread/INFO]: Done (1.078s)! For help, type "help"
[23:39:57] [User Authenticator #1/INFO]: UUID of player Jiangdada_ is 56a43e72-1de5-42e2-9245-933b23b9c289
[23:39:57] [Server thread/INFO]: Jiangdada_ joined the game
[23:39:57] [Server thread/INFO]: Jiangdada_[/127.0.0.1:54948] logged in with entity id 73 at ([world]-111.5, 70.0, -76.5)
[23:40:32] [Server thread/INFO]: Stopping the server
[23:40:32] [Server thread/INFO]: Stopping server
[23:40:32] [Server thread/INFO]: [SkyWar] Disabling SkyWar v1.0-SNAPSHOT
[23:40:32] [Server thread/INFO]: Saving players
[23:40:32] [Server thread/INFO]: Jiangdada_ lost connection: Server closed
[23:40:32] [Server thread/INFO]: Jiangdada_ left the game.
[23:40:32] [Server thread/INFO]: Saving worlds
[23:40:33] [Server thread/INFO]: Saving chunks for level 'ServerLevel[world]'/minecraft:overworld
[23:40:34] [Server thread/INFO]: Saving chunks for level 'ServerLevel[world_nether]'/minecraft:the_nether
[23:40:34] [Server thread/INFO]: Saving chunks for level 'ServerLevel[world_the_end]'/minecraft:the_end
[23:40:34] [Server thread/INFO]: ThreadedAnvilChunkStorage (world): All chunks are saved
[23:40:34] [Server thread/INFO]: ThreadedAnvilChunkStorage (DIM-1): All chunks are saved
[23:40:34] [Server thread/INFO]: ThreadedAnvilChunkStorage (DIM1): All chunks are saved
[23:40:34] [Server thread/INFO]: ThreadedAnvilChunkStorage: All dimensions are saved
